<?xml version="1.0" encoding="UTF-8"?>
<!-- Generated by org.testng.reporters.JUnitReportReporter -->
<testsuite hostname="LAPTOP-HKGLJEE8" failures="0" tests="1" name="com.tests.CreateEmployee" time="1.903" errors="0" timestamp="2022-11-06T15:45:07 EST" skipped="0">
  <testcase classname="com.tests.CreateEmployee" name="createEmployeeData" time="1.903"/>
  <system-out/>
</testsuite> <!-- com.tests.CreateEmployee -->
