<?xml version="1.0" encoding="UTF-8"?>
<!-- Generated by org.testng.reporters.JUnitReportReporter -->
<testsuite hostname="LAPTOP-HKGLJEE8" failures="0" tests="1" name="com.tests.deleteAddedEmployee" time="1.723" errors="0" timestamp="2022-11-06T15:56:55 EST" skipped="0">
  <testcase classname="com.tests.deleteAddedEmployee" name="deleteEmployeePeId" time="1.723"/>
  <system-out/>
</testsuite> <!-- com.tests.deleteAddedEmployee -->
